<?xml version="1.0" encoding="UTF-8"?>
<!-- Generated by org.testng.reporters.JUnitXMLReporter -->
<testsuite ignored="0" hostname="DESKTOP-VTBT3RG" failures="0" tests="3" name="Test" time="0.146" errors="0" timestamp="2024-02-01T09:55:29 IST">
  <testcase classname="TestNgBasics.TestNgFirstclass" name="testcase1" time="0.033"/>
  <testcase classname="TestNgBasics.TestNgFirstclass" name="testcase2" time="0.003"/>
  <testcase classname="TestNgBasics.TestNgSecondClass" name="testcase3" time="0.003"/>
</testsuite> <!-- Test -->
