<?xml version="1.0" encoding="UTF-8"?>
<!-- Generated by org.testng.reporters.JUnitXMLReporter -->
<testsuite ignored="2" hostname="DESKTOP-VTBT3RG" failures="1" tests="2" name="Test" time="0.189" errors="0" timestamp="2024-02-02T09:35:37 IST">
  <testcase classname="TestNgBasics.TestNgFirstclass" name="testcase2" time="0.1">
    <failure type="org.testng.internal.thread.ThreadTimeoutException" message="Method TestNgBasics.TestNgFirstclass.testcase2() didn&amp;apos;t finish within the time-out 60">
      <![CDATA[org.testng.internal.thread.ThreadTimeoutException: Method TestNgBasics.TestNgFirstclass.testcase2() didn't finish within the time-out 60
at java.base/java.lang.Thread.sleep0(Native Method)
at java.base/java.lang.Thread.sleep(Thread.java:509)
at TestNgBasics.TestNgFirstclass.testcase2(TestNgFirstclass.java:67)
at java.base/java.util.concurrent.FutureTask.run(FutureTask.java:317)
at java.base/java.util.concurrent.ThreadPoolExecutor.runWorker(ThreadPoolExecutor.java:1144)
at java.base/java.util.concurrent.ThreadPoolExecutor$Worker.run(ThreadPoolExecutor.java:642)
at java.base/java.lang.Thread.run(Thread.java:1583)
... Removed 6 stack frames]]>
    </failure>
  </testcase> <!-- testcase2 -->
  <testcase classname="TestNgBasics.TestNgFirstclass" name="testcase4" time="0.007"/>
  <testcase classname="TestNgBasics.TestNgSecondClass" name="testcase3" time="0.0">
    <ignored/>
  </testcase> <!-- testcase3 -->
  <testcase classname="TestNgBasics.TestNgFirstclass" name="testcase1" time="0.0">
    <ignored/>
  </testcase> <!-- testcase1 -->
</testsuite> <!-- Test -->
