<?xml version="1.0" encoding="UTF-8"?>
<testng-results ignored="0" total="1" passed="1" failed="0" skipped="0">
  <reporter-output>
  </reporter-output>
  <suite started-at="2024-02-02T09:51:23 IST" name="Default suite" finished-at="2024-02-02T09:51:26 IST" duration-ms="2438">
    <groups>
    </groups>
    <test started-at="2024-02-02T09:51:23 IST" name="Default test" finished-at="2024-02-02T09:51:26 IST" duration-ms="2438">
      <class name="Testcase.MakeMyTripSearch">
        <test-method is-config="true" signature="lauchBrowser()[pri:0, instance:Testcase.MakeMyTripSearch@515c6049]" started-at="2024-02-02T09:51:19 IST" name="lauchBrowser" finished-at="2024-02-02T09:51:23 IST" duration-ms="4603" status="PASS">
          <reporter-output>
          </reporter-output>
        </test-method> <!-- lauchBrowser -->
        <test-method is-config="true" signature="EnterUrlAndMaximize()[pri:0, instance:Testcase.MakeMyTripSearch@515c6049]" started-at="2024-02-02T09:51:23 IST" name="EnterUrlAndMaximize" finished-at="2024-02-02T09:51:26 IST" duration-ms="2354" status="PASS">
          <reporter-output>
          </reporter-output>
        </test-method> <!-- EnterUrlAndMaximize -->
        <test-method signature="ValidSearch()[pri:0, instance:Testcase.MakeMyTripSearch@515c6049]" started-at="2024-02-02T09:51:26 IST" name="ValidSearch" finished-at="2024-02-02T09:51:26 IST" duration-ms="23" status="PASS">
          <reporter-output>
          </reporter-output>
        </test-method> <!-- ValidSearch -->
        <test-method is-config="true" signature="teardown()[pri:0, instance:Testcase.MakeMyTripSearch@515c6049]" started-at="2024-02-02T09:51:26 IST" name="teardown" finished-at="2024-02-02T09:51:26 IST" duration-ms="268" status="PASS">
          <reporter-output>
          </reporter-output>
        </test-method> <!-- teardown -->
      </class> <!-- Testcase.MakeMyTripSearch -->
    </test> <!-- Default test -->
  </suite> <!-- Default suite -->
</testng-results>
