<?xml version="1.0" encoding="UTF-8"?>
<testng-results ignored="0" total="2" passed="2" failed="0" skipped="0">
  <reporter-output>
  </reporter-output>
  <suite started-at="2024-02-14T09:22:31 IST" name="Default suite" finished-at="2024-02-14T09:22:57 IST" duration-ms="25261">
    <groups>
    </groups>
    <test started-at="2024-02-14T09:22:31 IST" name="Default test" finished-at="2024-02-14T09:22:57 IST" duration-ms="25261">
      <class name="Testcase.MakeMyTripSearchPOM">
        <test-method is-config="true" signature="lauchBrowser()[pri:0, instance:Testcase.MakeMyTripSearchPOM@7c7a06ec]" started-at="2024-02-14T09:22:26 IST" name="lauchBrowser" finished-at="2024-02-14T09:22:31 IST" duration-ms="5280" status="PASS">
          <reporter-output>
          </reporter-output>
        </test-method> <!-- lauchBrowser -->
        <test-method is-config="true" signature="EnterUrlAndMaximize()[pri:0, instance:Testcase.MakeMyTripSearchPOM@7c7a06ec]" started-at="2024-02-14T09:22:31 IST" name="EnterUrlAndMaximize" finished-at="2024-02-14T09:22:34 IST" duration-ms="2346" status="PASS">
          <reporter-output>
          </reporter-output>
        </test-method> <!-- EnterUrlAndMaximize -->
        <test-method is-config="true" signature="Report(java.lang.reflect.Method)[pri:0, instance:Testcase.MakeMyTripSearchPOM@7c7a06ec]" started-at="2024-02-14T09:22:34 IST" name="Report" finished-at="2024-02-14T09:22:34 IST" duration-ms="8" status="PASS">
          <params>
            <param index="0">
              <value>
                <![CDATA[public void Testcase.MakeMyTripSearchPOM.ValidSearch()]]>
              </value>
            </param>
          </params>
          <reporter-output>
          </reporter-output>
        </test-method> <!-- Report -->
        <test-method signature="ValidSearch()[pri:0, instance:Testcase.MakeMyTripSearchPOM@7c7a06ec]" started-at="2024-02-14T09:22:34 IST" name="ValidSearch" finished-at="2024-02-14T09:22:55 IST" duration-ms="20923" status="PASS">
          <reporter-output>
          </reporter-output>
        </test-method> <!-- ValidSearch -->
        <test-method is-config="true" signature="Report(org.testng.ITestResult)[pri:0, instance:Testcase.MakeMyTripSearchPOM@7c7a06ec]" started-at="2024-02-14T09:22:55 IST" name="Report" finished-at="2024-02-14T09:22:55 IST" duration-ms="514" status="PASS">
          <params>
            <param index="0">
              <value>
                <![CDATA[[TestResult name=ValidSearch status=SUCCESS method=MakeMyTripSearchPOM.ValidSearch()[pri:0, instance:Testcase.MakeMyTripSearchPOM@7c7a06ec] output={null}]]]>
              </value>
            </param>
          </params>
          <reporter-output>
          </reporter-output>
        </test-method> <!-- Report -->
        <test-method is-config="true" signature="Report(java.lang.reflect.Method)[pri:0, instance:Testcase.MakeMyTripSearchPOM@7c7a06ec]" started-at="2024-02-14T09:22:55 IST" name="Report" finished-at="2024-02-14T09:22:55 IST" duration-ms="0" status="PASS">
          <params>
            <param index="0">
              <value>
                <![CDATA[public void Testcase.MakeMyTripSearchPOM.ValidatesameCityError()]]>
              </value>
            </param>
          </params>
          <reporter-output>
          </reporter-output>
        </test-method> <!-- Report -->
        <test-method signature="ValidatesameCityError()[pri:1, instance:Testcase.MakeMyTripSearchPOM@7c7a06ec]" started-at="2024-02-14T09:22:55 IST" name="ValidatesameCityError" finished-at="2024-02-14T09:22:56 IST" duration-ms="1067" status="PASS">
          <reporter-output>
          </reporter-output>
        </test-method> <!-- ValidatesameCityError -->
        <test-method is-config="true" signature="Report(org.testng.ITestResult)[pri:0, instance:Testcase.MakeMyTripSearchPOM@7c7a06ec]" started-at="2024-02-14T09:22:56 IST" name="Report" finished-at="2024-02-14T09:22:57 IST" duration-ms="314" status="PASS">
          <params>
            <param index="0">
              <value>
                <![CDATA[[TestResult name=ValidatesameCityError status=SUCCESS method=MakeMyTripSearchPOM.ValidatesameCityError()[pri:1, instance:Testcase.MakeMyTripSearchPOM@7c7a06ec] output={null}]]]>
              </value>
            </param>
          </params>
          <reporter-output>
          </reporter-output>
        </test-method> <!-- Report -->
        <test-method is-config="true" signature="teardown()[pri:0, instance:Testcase.MakeMyTripSearchPOM@7c7a06ec]" started-at="2024-02-14T09:22:57 IST" name="teardown" finished-at="2024-02-14T09:22:58 IST" duration-ms="808" status="PASS">
          <reporter-output>
          </reporter-output>
        </test-method> <!-- teardown -->
      </class> <!-- Testcase.MakeMyTripSearchPOM -->
    </test> <!-- Default test -->
  </suite> <!-- Default suite -->
</testng-results>
